Using pre-set license
Built from '2020.3/release' branch; Version is '2020.3.7f1 (dd97f2c94397) revision 14522354'; Using compiler version '192528614'; Build Type 'Release'
OS: 'Windows 10 Pro; OS build 19041.1110; Version 2004; 64bit' Language: 'ru' Physical Memory: 4095 MB
BatchMode: 1, IsHumanControllingUs: 0, StartBugReporterOnCrash: 0, Is64bit: 1, IsPro: 0

 COMMAND LINE ARGUMENTS:
C:\Program Files\Unity\Hub\Editor\2020.3.7f1\Editor\Unity.exe
-adb2
-batchMode
-noUpm
-name
AssetImportWorker0
-projectPath
D:/Tetris
-logFile
Logs/AssetImportWorker0.log
-srvPort
63364
Successfully changed project path to: D:/Tetris
D:/Tetris
Using Asset Import Pipeline V2.
Refreshing native plugins compatible for Editor in 97.39 ms, found 1 plugins.
Preloading 0 native plugins for Editor in 0.00 ms.
Initialize engine version: 2020.3.7f1 (dd97f2c94397)
[Subsystems] Discovering subsystems at path C:/Program Files/Unity/Hub/Editor/2020.3.7f1/Editor/Data/Resources/UnitySubsystems
[Subsystems] Discovering subsystems at path D:/Tetris/Assets
GfxDevice: creating device client; threaded=0
Direct3D:
    Version:  Direct3D 11.0 [level 10.1]
    Renderer: ATI Radeon HD 4600 Series (ID=0x9498)
    Vendor:   
    VRAM:     1017 MB
    Driver:   8.970.100.9001
Initialize mono
Mono path[0] = 'C:/Program Files/Unity/Hub/Editor/2020.3.7f1/Editor/Data/Managed'
Mono path[1] = 'C:/Program Files/Unity/Hub/Editor/2020.3.7f1/Editor/Data/MonoBleedingEdge/lib/mono/unityjit'
Mono config path = 'C:/Program Files/Unity/Hub/Editor/2020.3.7f1/Editor/Data/MonoBleedingEdge/etc'
Using monoOptions --debugger-agent=transport=dt_socket,embedding=1,server=y,suspend=n,address=127.0.0.1:56240
Begin MonoManager ReloadAssembly
Registering precompiled unity dll's ...
Register platform support module: C:/Program Files/Unity/Hub/Editor/2020.3.7f1/Editor/Data/PlaybackEngines/WebGLSupport/UnityEditor.WebGL.Extensions.dll
Register platform support module: C:/Program Files/Unity/Hub/Editor/2020.3.7f1/Editor/Data/PlaybackEngines/WindowsStandaloneSupport/UnityEditor.WindowsStandalone.Extensions.dll
Registered in 0.007255 seconds.
Native extension for WindowsStandalone target not found
Native extension for WebGL target not found
Refreshing native plugins compatible for Editor in 99.26 ms, found 1 plugins.
Preloading 0 native plugins for Editor in 0.00 ms.
Mono: successfully reloaded assembly
- Completed reload, in  8.929 seconds
Platform modules already initialized, skipping
Registering precompiled user dll's ...
Registered in 0.002635 seconds.
Begin MonoManager ReloadAssembly
Native extension for WindowsStandalone target not found
Native extension for WebGL target not found
Refreshing native plugins compatible for Editor in 99.10 ms, found 1 plugins.
Preloading 0 native plugins for Editor in 0.00 ms.
Mono: successfully reloaded assembly
- Completed reload, in  3.628 seconds
Platform modules already initialized, skipping
========================================================================
Worker process is ready to serve import requests
Launched and connected shader compiler UnityShaderCompiler.exe after 0.36 seconds
Refreshing native plugins compatible for Editor in 1.02 ms, found 1 plugins.
Preloading 0 native plugins for Editor in 0.00 ms.
Unloading 1817 Unused Serialized files (Serialized files now loaded: 0)
System memory in use before: 85.3 MB.
System memory in use after: 85.3 MB.

Unloading 24 unused Assets to reduce memory usage. Loaded Objects now: 2261.
Total: 8.117512 ms (FindLiveObjects: 0.656578 ms CreateObjectMapping: 0.273778 ms MarkObjects: 6.683601 ms  DeleteObjects: 0.492311 ms)

========================================================================
Received Import Request.
  path: Assets/Scripts/Pool.cs
  artifactKey: Guid(bd93da37cd4fd6d4cbfedf0503b552db) Importer(815301076,1909f56bfc062723c751e8b465ee728b)
Start importing Assets/Scripts/Pool.cs using Guid(bd93da37cd4fd6d4cbfedf0503b552db) Importer(815301076,1909f56bfc062723c751e8b465ee728b)  -> (artifact id: '861984da6c31f045cd7d30f67540d5a0') in 0.441445 seconds
  Import took 0.494257 seconds .

========================================================================
Received Prepare
Refreshing native plugins compatible for Editor in 5.34 ms, found 1 plugins.
Preloading 0 native plugins for Editor in 0.00 ms.
Unloading 10 Unused Serialized files (Serialized files now loaded: 0)
System memory in use before: 49.5 MB.
System memory in use after: 49.4 MB.

Unloading 10 unused Assets to reduce memory usage. Loaded Objects now: 2261.
Total: 870.953222 ms (FindLiveObjects: 0.892711 ms CreateObjectMapping: 0.239067 ms MarkObjects: 868.207621 ms  DeleteObjects: 1.602578 ms)

========================================================================
Received Prepare
Registering precompiled user dll's ...
Registered in 0.001762 seconds.
Begin MonoManager ReloadAssembly
Native extension for WindowsStandalone target not found
Native extension for WebGL target not found
Refreshing native plugins compatible for Editor in 0.84 ms, found 1 plugins.
Preloading 0 native plugins for Editor in 0.00 ms.
Mono: successfully reloaded assembly
- Completed reload, in 16.368 seconds
Platform modules already initialized, skipping
Refreshing native plugins compatible for Editor in 0.89 ms, found 1 plugins.
Preloading 0 native plugins for Editor in 0.01 ms.
Unloading 1812 Unused Serialized files (Serialized files now loaded: 0)
System memory in use before: 85.3 MB.
System memory in use after: 85.3 MB.

Unloading 12 unused Assets to reduce memory usage. Loaded Objects now: 2265.
Total: 43.786361 ms (FindLiveObjects: 0.703511 ms CreateObjectMapping: 0.265467 ms MarkObjects: 42.219472 ms  DeleteObjects: 0.589111 ms)

========================================================================
Received Import Request.
  Time since last request: 852.574329 seconds.
  path: Assets/Scripts/Pool.cs
  artifactKey: Guid(bd93da37cd4fd6d4cbfedf0503b552db) Importer(815301076,1909f56bfc062723c751e8b465ee728b)
Start importing Assets/Scripts/Pool.cs using Guid(bd93da37cd4fd6d4cbfedf0503b552db) Importer(815301076,1909f56bfc062723c751e8b465ee728b)  -> (artifact id: '3889a5e648c6f108eb4f28e2a1431477') in 0.485432 seconds
  Import took 0.567625 seconds .

========================================================================
Received Prepare
Registering precompiled user dll's ...
Registered in 0.380737 seconds.
Begin MonoManager ReloadAssembly
Native extension for WindowsStandalone target not found
Native extension for WebGL target not found
Refreshing native plugins compatible for Editor in 0.82 ms, found 1 plugins.
Preloading 0 native plugins for Editor in 0.00 ms.
Mono: successfully reloaded assembly
- Completed reload, in  3.858 seconds
Platform modules already initialized, skipping
Refreshing native plugins compatible for Editor in 0.89 ms, found 1 plugins.
Preloading 0 native plugins for Editor in 0.00 ms.
Unloading 1812 Unused Serialized files (Serialized files now loaded: 0)
System memory in use before: 85.4 MB.
System memory in use after: 85.3 MB.

Unloading 12 unused Assets to reduce memory usage. Loaded Objects now: 2269.
Total: 5.918979 ms (FindLiveObjects: 0.602800 ms CreateObjectMapping: 0.256178 ms MarkObjects: 4.642978 ms  DeleteObjects: 0.407244 ms)

========================================================================
Received Prepare
Registering precompiled user dll's ...
Registered in 0.002945 seconds.
Begin MonoManager ReloadAssembly
Native extension for WindowsStandalone target not found
Native extension for WebGL target not found
Refreshing native plugins compatible for Editor in 1.04 ms, found 1 plugins.
Preloading 0 native plugins for Editor in 0.00 ms.
Mono: successfully reloaded assembly
- Completed reload, in 14.150 seconds
Platform modules already initialized, skipping
Refreshing native plugins compatible for Editor in 0.78 ms, found 1 plugins.
Preloading 0 native plugins for Editor in 0.00 ms.
Unloading 1812 Unused Serialized files (Serialized files now loaded: 0)
System memory in use before: 85.4 MB.
System memory in use after: 85.4 MB.

Unloading 12 unused Assets to reduce memory usage. Loaded Objects now: 2273.
Total: 8.371734 ms (FindLiveObjects: 1.435378 ms CreateObjectMapping: 0.356400 ms MarkObjects: 6.253867 ms  DeleteObjects: 0.315333 ms)

========================================================================
Received Import Request.
  Time since last request: 181.998900 seconds.
  path: Assets/Scripts/Pool.cs
  artifactKey: Guid(bd93da37cd4fd6d4cbfedf0503b552db) Importer(815301076,1909f56bfc062723c751e8b465ee728b)
Start importing Assets/Scripts/Pool.cs using Guid(bd93da37cd4fd6d4cbfedf0503b552db) Importer(815301076,1909f56bfc062723c751e8b465ee728b)  -> (artifact id: '3dc021849a16d5b162209748127a2dab') in 0.587893 seconds
  Import took 0.617187 seconds .

========================================================================
Received Prepare
Registering precompiled user dll's ...
Registered in 0.153870 seconds.
Begin MonoManager ReloadAssembly
Native extension for WindowsStandalone target not found
Native extension for WebGL target not found
Refreshing native plugins compatible for Editor in 1.97 ms, found 1 plugins.
Preloading 0 native plugins for Editor in 0.00 ms.
Mono: successfully reloaded assembly
- Completed reload, in 16.691 seconds
Platform modules already initialized, skipping
Refreshing native plugins compatible for Editor in 0.85 ms, found 1 plugins.
Preloading 0 native plugins for Editor in 0.00 ms.
Unloading 1812 Unused Serialized files (Serialized files now loaded: 0)
System memory in use before: 85.4 MB.
System memory in use after: 85.4 MB.

Unloading 12 unused Assets to reduce memory usage. Loaded Objects now: 2277.
Total: 132.267928 ms (FindLiveObjects: 0.603289 ms CreateObjectMapping: 0.231733 ms MarkObjects: 131.086772 ms  DeleteObjects: 0.335867 ms)

========================================================================
Received Import Request.
  Time since last request: 659.056344 seconds.
  path: Assets/Scripts/Pool.cs
  artifactKey: Guid(bd93da37cd4fd6d4cbfedf0503b552db) Importer(815301076,1909f56bfc062723c751e8b465ee728b)
Start importing Assets/Scripts/Pool.cs using Guid(bd93da37cd4fd6d4cbfedf0503b552db) Importer(815301076,1909f56bfc062723c751e8b465ee728b)  -> (artifact id: '22eb7b48d44340289794039a81fc65d2') in 0.016759 seconds
  Import took 0.033858 seconds .

========================================================================
Received Import Request.
  Time since last request: 0.298874 seconds.
  path: Assets/Scripts/Pool.cs
  artifactKey: Guid(bd93da37cd4fd6d4cbfedf0503b552db) Importer(815301076,1909f56bfc062723c751e8b465ee728b)
Start importing Assets/Scripts/Pool.cs using Guid(bd93da37cd4fd6d4cbfedf0503b552db) Importer(815301076,1909f56bfc062723c751e8b465ee728b)  -> (artifact id: '22eb7b48d44340289794039a81fc65d2') in 0.006362 seconds
  Import took 0.020925 seconds .

========================================================================
Received Prepare
Registering precompiled user dll's ...
Registered in 0.002087 seconds.
Begin MonoManager ReloadAssembly
Native extension for WindowsStandalone target not found
Native extension for WebGL target not found
Refreshing native plugins compatible for Editor in 0.87 ms, found 1 plugins.
Preloading 0 native plugins for Editor in 0.00 ms.
Mono: successfully reloaded assembly
- Completed reload, in 11.100 seconds
Platform modules already initialized, skipping
Refreshing native plugins compatible for Editor in 1.05 ms, found 1 plugins.
Preloading 0 native plugins for Editor in 0.00 ms.
Unloading 1812 Unused Serialized files (Serialized files now loaded: 0)
System memory in use before: 85.4 MB.
System memory in use after: 85.4 MB.

Unloading 12 unused Assets to reduce memory usage. Loaded Objects now: 2281.
Total: 24.520714 ms (FindLiveObjects: 1.019822 ms CreateObjectMapping: 0.261067 ms MarkObjects: 22.944536 ms  DeleteObjects: 0.285511 ms)

========================================================================
Received Import Request.
  Time since last request: 159.937107 seconds.
  path: Assets/Scripts/Pool.cs
  artifactKey: Guid(bd93da37cd4fd6d4cbfedf0503b552db) Importer(815301076,1909f56bfc062723c751e8b465ee728b)
Start importing Assets/Scripts/Pool.cs using Guid(bd93da37cd4fd6d4cbfedf0503b552db) Importer(815301076,1909f56bfc062723c751e8b465ee728b)  -> (artifact id: '3367c0a00b07e848429ec77ddcf7916c') in 0.012166 seconds
  Import took 0.018845 seconds .

========================================================================
Received Import Request.
  Time since last request: 1.076031 seconds.
  path: Assets/Scripts/Pool.cs
  artifactKey: Guid(bd93da37cd4fd6d4cbfedf0503b552db) Importer(815301076,1909f56bfc062723c751e8b465ee728b)
Start importing Assets/Scripts/Pool.cs using Guid(bd93da37cd4fd6d4cbfedf0503b552db) Importer(815301076,1909f56bfc062723c751e8b465ee728b)  -> (artifact id: '3367c0a00b07e848429ec77ddcf7916c') in 0.005141 seconds
  Import took 0.011537 seconds .

========================================================================
Received Prepare
Registering precompiled user dll's ...
Registered in 0.003261 seconds.
Begin MonoManager ReloadAssembly
Native extension for WindowsStandalone target not found
Native extension for WebGL target not found
Refreshing native plugins compatible for Editor in 0.87 ms, found 1 plugins.
Preloading 0 native plugins for Editor in 0.00 ms.
Mono: successfully reloaded assembly
- Completed reload, in  7.216 seconds
Platform modules already initialized, skipping
Refreshing native plugins compatible for Editor in 0.97 ms, found 1 plugins.
Preloading 0 native plugins for Editor in 0.00 ms.
Unloading 1812 Unused Serialized files (Serialized files now loaded: 0)
System memory in use before: 85.4 MB.
System memory in use after: 85.4 MB.

Unloading 12 unused Assets to reduce memory usage. Loaded Objects now: 2285.
Total: 22.354936 ms (FindLiveObjects: 0.602800 ms CreateObjectMapping: 0.221956 ms MarkObjects: 21.215336 ms  DeleteObjects: 0.304089 ms)

========================================================================
Received Import Request.
  Time since last request: 93.460063 seconds.
  path: Assets/Scripts/Pool.cs
  artifactKey: Guid(bd93da37cd4fd6d4cbfedf0503b552db) Importer(815301076,1909f56bfc062723c751e8b465ee728b)
Start importing Assets/Scripts/Pool.cs using Guid(bd93da37cd4fd6d4cbfedf0503b552db) Importer(815301076,1909f56bfc062723c751e8b465ee728b)  -> (artifact id: '90457ab3012e97a514520b58cb8c8524') in 0.015364 seconds
  Import took 0.053383 seconds .

========================================================================
Received Import Request.
  Time since last request: 0.245229 seconds.
  path: Assets/Scripts/Pool.cs
  artifactKey: Guid(bd93da37cd4fd6d4cbfedf0503b552db) Importer(815301076,1909f56bfc062723c751e8b465ee728b)
Start importing Assets/Scripts/Pool.cs using Guid(bd93da37cd4fd6d4cbfedf0503b552db) Importer(815301076,1909f56bfc062723c751e8b465ee728b)  -> (artifact id: '90457ab3012e97a514520b58cb8c8524') in 6.585357 seconds
  Import took 6.591746 seconds .

========================================================================
Received Prepare
Registering precompiled user dll's ...
Registered in 0.002101 seconds.
Begin MonoManager ReloadAssembly
Native extension for WindowsStandalone target not found
Native extension for WebGL target not found
Refreshing native plugins compatible for Editor in 1.59 ms, found 1 plugins.
Preloading 0 native plugins for Editor in 0.00 ms.
Mono: successfully reloaded assembly
- Completed reload, in  7.136 seconds
Platform modules already initialized, skipping
Refreshing native plugins compatible for Editor in 69.09 ms, found 1 plugins.
Preloading 0 native plugins for Editor in 0.00 ms.
Unloading 1812 Unused Serialized files (Serialized files now loaded: 0)
System memory in use before: 85.4 MB.
System memory in use after: 85.4 MB.

Unloading 12 unused Assets to reduce memory usage. Loaded Objects now: 2289.
Total: 18.065913 ms (FindLiveObjects: 2.977823 ms CreateObjectMapping: 0.243956 ms MarkObjects: 14.481380 ms  DeleteObjects: 0.346133 ms)

========================================================================
Received Import Request.
  Time since last request: 207.805854 seconds.
  path: Assets/Scripts/Pool.cs
  artifactKey: Guid(bd93da37cd4fd6d4cbfedf0503b552db) Importer(815301076,1909f56bfc062723c751e8b465ee728b)
Start importing Assets/Scripts/Pool.cs using Guid(bd93da37cd4fd6d4cbfedf0503b552db) Importer(815301076,1909f56bfc062723c751e8b465ee728b)  -> (artifact id: '1ba57a2e5082b4224be8d6dec4c67e0c') in 0.012799 seconds
  Import took 0.029401 seconds .

========================================================================
Received Prepare
Registering precompiled user dll's ...
Registered in 0.003928 seconds.
Begin MonoManager ReloadAssembly
Native extension for WindowsStandalone target not found
Native extension for WebGL target not found
Refreshing native plugins compatible for Editor in 0.82 ms, found 1 plugins.
Preloading 0 native plugins for Editor in 0.00 ms.
Mono: successfully reloaded assembly
- Completed reload, in  7.036 seconds
Platform modules already initialized, skipping
Refreshing native plugins compatible for Editor in 0.87 ms, found 1 plugins.
Preloading 0 native plugins for Editor in 0.00 ms.
Unloading 1812 Unused Serialized files (Serialized files now loaded: 0)
System memory in use before: 85.4 MB.
System memory in use after: 85.4 MB.

Unloading 12 unused Assets to reduce memory usage. Loaded Objects now: 2293.
Total: 11.562713 ms (FindLiveObjects: 0.662445 ms CreateObjectMapping: 0.233689 ms MarkObjects: 4.711423 ms  DeleteObjects: 5.945867 ms)

========================================================================
Received Import Request.
  Time since last request: 73.791322 seconds.
  path: Assets/Scripts/Pool.cs
  artifactKey: Guid(bd93da37cd4fd6d4cbfedf0503b552db) Importer(815301076,1909f56bfc062723c751e8b465ee728b)
Start importing Assets/Scripts/Pool.cs using Guid(bd93da37cd4fd6d4cbfedf0503b552db) Importer(815301076,1909f56bfc062723c751e8b465ee728b)  -> (artifact id: 'ee5d97ad2e05e83b172a33626fe6b74b') in 0.012082 seconds
  Import took 3.134306 seconds .

========================================================================
Received Prepare
Registering precompiled user dll's ...
Registered in 0.001990 seconds.
Begin MonoManager ReloadAssembly
Native extension for WindowsStandalone target not found
Native extension for WebGL target not found
Refreshing native plugins compatible for Editor in 16.44 ms, found 1 plugins.
Preloading 0 native plugins for Editor in 0.00 ms.
Mono: successfully reloaded assembly
- Completed reload, in  8.076 seconds
Platform modules already initialized, skipping
Refreshing native plugins compatible for Editor in 0.79 ms, found 1 plugins.
Preloading 0 native plugins for Editor in 0.00 ms.
Unloading 1812 Unused Serialized files (Serialized files now loaded: 0)
System memory in use before: 85.5 MB.
System memory in use after: 85.4 MB.

Unloading 12 unused Assets to reduce memory usage. Loaded Objects now: 2297.
Total: 29.438937 ms (FindLiveObjects: 0.603289 ms CreateObjectMapping: 0.327067 ms MarkObjects: 28.210359 ms  DeleteObjects: 0.288444 ms)

========================================================================
Received Import Request.
  Time since last request: 621.140487 seconds.
  path: Assets/Scripts/Pool.cs
  artifactKey: Guid(bd93da37cd4fd6d4cbfedf0503b552db) Importer(815301076,1909f56bfc062723c751e8b465ee728b)
Start importing Assets/Scripts/Pool.cs using Guid(bd93da37cd4fd6d4cbfedf0503b552db) Importer(815301076,1909f56bfc062723c751e8b465ee728b)  -> (artifact id: 'f4417cf74a3d1723c4b588e991564fdf') in 0.017159 seconds
  Import took 0.031830 seconds .

========================================================================
Received Import Request.
  Time since last request: 0.028530 seconds.
  path: Assets/Scripts/Pool.cs
  artifactKey: Guid(bd93da37cd4fd6d4cbfedf0503b552db) Importer(815301076,1909f56bfc062723c751e8b465ee728b)
Start importing Assets/Scripts/Pool.cs using Guid(bd93da37cd4fd6d4cbfedf0503b552db) Importer(815301076,1909f56bfc062723c751e8b465ee728b)  -> (artifact id: 'f4417cf74a3d1723c4b588e991564fdf') in 0.004878 seconds
  Import took 6.058214 seconds .

========================================================================
Received Prepare
Registering precompiled user dll's ...
Registered in 0.011887 seconds.
Begin MonoManager ReloadAssembly
Native extension for WindowsStandalone target not found
Native extension for WebGL target not found
Refreshing native plugins compatible for Editor in 0.90 ms, found 1 plugins.
Preloading 0 native plugins for Editor in 0.00 ms.
Mono: successfully reloaded assembly
- Completed reload, in  3.404 seconds
Platform modules already initialized, skipping
Refreshing native plugins compatible for Editor in 1.31 ms, found 1 plugins.
Preloading 0 native plugins for Editor in 0.00 ms.
Unloading 1812 Unused Serialized files (Serialized files now loaded: 0)
System memory in use before: 85.5 MB.
System memory in use after: 85.4 MB.

Unloading 12 unused Assets to reduce memory usage. Loaded Objects now: 2301.
Total: 7.185201 ms (FindLiveObjects: 0.780267 ms CreateObjectMapping: 0.241511 ms MarkObjects: 5.830979 ms  DeleteObjects: 0.322667 ms)

========================================================================
Received Prepare
Registering precompiled user dll's ...
Registered in 0.003212 seconds.
Begin MonoManager ReloadAssembly
Native extension for WindowsStandalone target not found
Native extension for WebGL target not found
Refreshing native plugins compatible for Editor in 0.87 ms, found 1 plugins.
Preloading 0 native plugins for Editor in 0.00 ms.
Mono: successfully reloaded assembly
- Completed reload, in  7.245 seconds
Platform modules already initialized, skipping
Refreshing native plugins compatible for Editor in 0.86 ms, found 1 plugins.
Preloading 0 native plugins for Editor in 0.00 ms.
Unloading 1812 Unused Serialized files (Serialized files now loaded: 0)
System memory in use before: 85.5 MB.
System memory in use after: 85.4 MB.

Unloading 12 unused Assets to reduce memory usage. Loaded Objects now: 2305.
Total: 35.554449 ms (FindLiveObjects: 0.723556 ms CreateObjectMapping: 0.266933 ms MarkObjects: 34.266227 ms  DeleteObjects: 0.287956 ms)

========================================================================
Received Prepare
Registering precompiled user dll's ...
Registered in 0.001775 seconds.
Begin MonoManager ReloadAssembly
Native extension for WindowsStandalone target not found
Native extension for WebGL target not found
Refreshing native plugins compatible for Editor in 0.82 ms, found 1 plugins.
Preloading 0 native plugins for Editor in 0.00 ms.
Mono: successfully reloaded assembly
- Completed reload, in  2.981 seconds
Platform modules already initialized, skipping
Refreshing native plugins compatible for Editor in 1.05 ms, found 1 plugins.
Preloading 0 native plugins for Editor in 0.00 ms.
Unloading 1812 Unused Serialized files (Serialized files now loaded: 0)
System memory in use before: 85.5 MB.
System memory in use after: 85.5 MB.

Unloading 12 unused Assets to reduce memory usage. Loaded Objects now: 2309.
Total: 6.744223 ms (FindLiveObjects: 0.601822 ms CreateObjectMapping: 0.222933 ms MarkObjects: 5.614890 ms  DeleteObjects: 0.294800 ms)

========================================================================
Received Prepare
Registering precompiled user dll's ...
Registered in 0.001674 seconds.
Begin MonoManager ReloadAssembly
Native extension for WindowsStandalone target not found
Native extension for WebGL target not found
Refreshing native plugins compatible for Editor in 1.09 ms, found 1 plugins.
Preloading 0 native plugins for Editor in 0.00 ms.
Mono: successfully reloaded assembly
- Completed reload, in  3.591 seconds
Platform modules already initialized, skipping
Refreshing native plugins compatible for Editor in 0.87 ms, found 1 plugins.
Preloading 0 native plugins for Editor in 0.00 ms.
Unloading 1812 Unused Serialized files (Serialized files now loaded: 0)
System memory in use before: 85.5 MB.
System memory in use after: 85.5 MB.

Unloading 12 unused Assets to reduce memory usage. Loaded Objects now: 2313.
Total: 7.108934 ms (FindLiveObjects: 0.693245 ms CreateObjectMapping: 0.377911 ms MarkObjects: 5.691645 ms  DeleteObjects: 0.335378 ms)

========================================================================
Received Prepare
Registering precompiled user dll's ...
Registered in 0.001803 seconds.
Begin MonoManager ReloadAssembly
Native extension for WindowsStandalone target not found
Native extension for WebGL target not found
Refreshing native plugins compatible for Editor in 0.79 ms, found 1 plugins.
Preloading 0 native plugins for Editor in 0.00 ms.
Mono: successfully reloaded assembly
- Completed reload, in  5.339 seconds
Platform modules already initialized, skipping
Refreshing native plugins compatible for Editor in 1.03 ms, found 1 plugins.
Preloading 0 native plugins for Editor in 0.00 ms.
Unloading 1812 Unused Serialized files (Serialized files now loaded: 0)
System memory in use before: 85.5 MB.
System memory in use after: 85.5 MB.

Unloading 12 unused Assets to reduce memory usage. Loaded Objects now: 2317.
Total: 7.420356 ms (FindLiveObjects: 0.646800 ms CreateObjectMapping: 0.233200 ms MarkObjects: 6.248001 ms  DeleteObjects: 0.281600 ms)

AssetImportWorkerClient::OnTransportError - code=2 error=End of file
